<?xml version="1.0" encoding="UTF-8"?>
<testng-results ignored="0" total="1" passed="1" failed="0" skipped="0">
  <reporter-output>
  </reporter-output>
  <suite started-at="2025-10-23T10:32:36 IST" name="Default suite" finished-at="2025-10-23T10:32:45 IST" duration-ms="8958">
    <groups>
    </groups>
    <test started-at="2025-10-23T10:32:36 IST" name="Default test" finished-at="2025-10-23T10:32:45 IST" duration-ms="8958">
      <class name="testPractie.createcampagines">
        <test-method signature="createCampaignsWithMandatoryFields()[pri:0, instance:testPractie.createcampagines@d86a6f]" started-at="2025-10-23T10:32:36 IST" name="createCampaignsWithMandatoryFields" finished-at="2025-10-23T10:32:45 IST" duration-ms="8870" status="PASS">
          <reporter-output>
          </reporter-output>
        </test-method> <!-- createCampaignsWithMandatoryFields -->
      </class> <!-- testPractie.createcampagines -->
    </test> <!-- Default test -->
  </suite> <!-- Default suite -->
</testng-results>
